<?xml version="1.0" encoding="UTF-8"?>
<!-- Generated by org.testng.reporters.JUnitReportReporter -->
<testsuite hostname="DESKTOP-84RFIH3" failures="0" tests="4" name="ttete.p1" time="53.008" errors="0" timestamp="1 Dec 2024 08:28:13 GMT">
  <testcase classname="ttete.p1" name="test1" time="13.092"/>
  <testcase classname="ttete.p1" name="test2" time="13.191"/>
  <testcase classname="ttete.p1" name="test3" time="13.498"/>
  <testcase classname="ttete.p1" name="test" time="13.227"/>
</testsuite> <!-- ttete.p1 -->
